2025-09-03 13:55:09.714 [warning] Via 'product.json#extensionEnabledApiProposals' extension 'ms-vsliveshare.vsliveshare' wants API proposal 'notebookCellExecutionState' but that proposal DOES NOT EXIST. Likely, the proposal has been finalized (check 'vscode.d.ts') or was abandoned.
2025-09-03 13:55:09.726 [warning] Via 'product.json#extensionEnabledApiProposals' extension 'ms-python.gather' wants API proposal 'notebookCellExecutionState' but that proposal DOES NOT EXIST. Likely, the proposal has been finalized (check 'vscode.d.ts') or was abandoned.
2025-09-03 13:55:09.726 [warning] Via 'product.json#extensionEnabledApiProposals' extension 'ms-python.vscode-pylance' wants API proposal 'mcpConfigurationProvider' but that proposal DOES NOT EXIST. Likely, the proposal has been finalized (check 'vscode.d.ts') or was abandoned.
2025-09-03 13:55:09.962 [info] Started local extension host with pid 1192708.
2025-09-03 13:55:10.348 [error] Cannot read properties of null (reading '$ref'): TypeError: Cannot read properties of null (reading '$ref')
    at nTe (vscode-file://vscode-app/usr/share/code/resources/app/out/vs/workbench/workbench.desktop.main.js:2792:25963)
    at vscode-file://vscode-app/usr/share/code/resources/app/out/vs/workbench/workbench.desktop.main.js:2792:26084
    at Array.forEach (<anonymous>)
    at nTe (vscode-file://vscode-app/usr/share/code/resources/app/out/vs/workbench/workbench.desktop.main.js:2792:26019)
    at vscode-file://vscode-app/usr/share/code/resources/app/out/vs/workbench/workbench.desktop.main.js:2792:26084
    at Array.forEach (<anonymous>)
    at nTe (vscode-file://vscode-app/usr/share/code/resources/app/out/vs/workbench/workbench.desktop.main.js:2792:26019)
    at vscode-file://vscode-app/usr/share/code/resources/app/out/vs/workbench/workbench.desktop.main.js:2792:26084
    at Array.forEach (<anonymous>)
    at nTe (vscode-file://vscode-app/usr/share/code/resources/app/out/vs/workbench/workbench.desktop.main.js:2792:26019)
2025-09-03 13:55:10.650 [info] ChatSessionStore: Migrating 0 chat sessions from storage service to file system
2025-09-03 13:55:11.004 [info] Settings Sync: Account status changed from uninitialized to unavailable
2025-09-03 13:55:13.087 [info] [perf] Render performance baseline is 22ms
2025-09-03 13:55:13.410 [error] [Extension Host] (node:1192708) ExperimentalWarning: SQLite is an experimental feature and might change at any time
(Use `exe --trace-warnings ...` to show where the warning was created)
2025-09-03 13:55:15.881 [error] An unknown error occurred. Please consult the log for more details.
2025-09-03 13:55:34.440 [warning] Via 'product.json#extensionEnabledApiProposals' extension 'ms-vsliveshare.vsliveshare' wants API proposal 'notebookCellExecutionState' but that proposal DOES NOT EXIST. Likely, the proposal has been finalized (check 'vscode.d.ts') or was abandoned.
2025-09-03 13:55:34.440 [warning] Via 'product.json#extensionEnabledApiProposals' extension 'ms-python.gather' wants API proposal 'notebookCellExecutionState' but that proposal DOES NOT EXIST. Likely, the proposal has been finalized (check 'vscode.d.ts') or was abandoned.
2025-09-03 13:55:34.441 [warning] Via 'product.json#extensionEnabledApiProposals' extension 'ms-python.vscode-pylance' wants API proposal 'mcpConfigurationProvider' but that proposal DOES NOT EXIST. Likely, the proposal has been finalized (check 'vscode.d.ts') or was abandoned.
2025-09-03 13:55:34.622 [info] ChatSessionStore: Migrating 0 chat sessions from storage service to file system
2025-09-03 13:55:34.753 [info] Started local extension host with pid 1193051.
2025-09-03 13:55:35.707 [info] Settings Sync: Account status changed from uninitialized to unavailable
2025-09-03 13:55:37.334 [info] [perf] Render performance baseline is 21ms
2025-09-03 13:55:38.325 [error] Cannot read properties of null (reading '$ref'): TypeError: Cannot read properties of null (reading '$ref')
    at nTe (vscode-file://vscode-app/usr/share/code/resources/app/out/vs/workbench/workbench.desktop.main.js:2792:25963)
    at vscode-file://vscode-app/usr/share/code/resources/app/out/vs/workbench/workbench.desktop.main.js:2792:26084
    at Array.forEach (<anonymous>)
    at nTe (vscode-file://vscode-app/usr/share/code/resources/app/out/vs/workbench/workbench.desktop.main.js:2792:26019)
    at vscode-file://vscode-app/usr/share/code/resources/app/out/vs/workbench/workbench.desktop.main.js:2792:26084
    at Array.forEach (<anonymous>)
    at nTe (vscode-file://vscode-app/usr/share/code/resources/app/out/vs/workbench/workbench.desktop.main.js:2792:26019)
    at vscode-file://vscode-app/usr/share/code/resources/app/out/vs/workbench/workbench.desktop.main.js:2792:26084
    at Array.forEach (<anonymous>)
    at nTe (vscode-file://vscode-app/usr/share/code/resources/app/out/vs/workbench/workbench.desktop.main.js:2792:26019)
2025-09-03 13:55:40.801 [error] [Extension Host] (node:1193051) ExperimentalWarning: SQLite is an experimental feature and might change at any time
(Use `exe --trace-warnings ...` to show where the warning was created)
2025-09-03 13:55:42.919 [error] An unknown error occurred. Please consult the log for more details.
