2025-09-03 13:55:10.927 [info] Reading sessions from keychain...
2025-09-03 13:55:10.927 [info] Getting sessions for all scopes...
2025-09-03 13:55:10.927 [info] Got 0 sessions for ...
2025-09-03 13:55:10.927 [info] Getting sessions for all scopes...
2025-09-03 13:55:10.927 [info] Got 0 sessions for ...
2025-09-03 13:55:10.927 [info] Getting sessions for all scopes...
2025-09-03 13:55:10.927 [info] Got 0 sessions for ...
2025-09-03 13:55:10.927 [info] Getting sessions for all scopes...
2025-09-03 13:55:10.927 [info] Got 0 sessions for ...
2025-09-03 13:55:10.927 [info] Getting sessions for all scopes...
2025-09-03 13:55:10.927 [info] Got 0 sessions for ...
2025-09-03 13:55:10.927 [info] Getting sessions for all scopes...
2025-09-03 13:55:10.927 [info] Got 0 sessions for ...
2025-09-03 13:55:10.927 [info] Getting sessions for all scopes...
2025-09-03 13:55:10.927 [info] Got 0 sessions for ...
2025-09-03 13:55:10.927 [info] Getting sessions for all scopes...
2025-09-03 13:55:10.927 [info] Got 0 sessions for ...
2025-09-03 13:55:10.927 [info] Getting sessions for all scopes...
2025-09-03 13:55:10.927 [info] Got 0 sessions for ...
2025-09-03 13:55:10.927 [info] Getting sessions for all scopes...
2025-09-03 13:55:10.927 [info] Got 0 sessions for ...
2025-09-03 13:55:10.927 [info] Getting sessions for all scopes...
2025-09-03 13:55:10.927 [info] Got 0 sessions for ...
2025-09-03 13:55:10.927 [info] Getting sessions for all scopes...
2025-09-03 13:55:10.927 [info] Got 0 sessions for ...
2025-09-03 13:55:10.927 [info] Getting sessions for all scopes...
2025-09-03 13:55:10.927 [info] Got 0 sessions for ...
2025-09-03 13:55:10.927 [info] Getting sessions for all scopes...
2025-09-03 13:55:10.927 [info] Got 0 sessions for ...
2025-09-03 13:55:10.927 [info] Getting sessions for all scopes...
2025-09-03 13:55:10.927 [info] Got 0 sessions for ...
2025-09-03 13:55:10.927 [info] Getting sessions for all scopes...
2025-09-03 13:55:10.927 [info] Got 0 sessions for ...
2025-09-03 13:55:13.703 [info] Getting sessions for all scopes...
2025-09-03 13:55:13.703 [info] Got 0 sessions for ...
2025-09-03 13:55:13.738 [info] Getting sessions for all scopes...
2025-09-03 13:55:13.738 [info] Got 0 sessions for ...
2025-09-03 13:55:13.738 [info] Getting sessions for all scopes...
2025-09-03 13:55:13.738 [info] Got 0 sessions for ...
2025-09-03 13:55:13.738 [info] Getting sessions for all scopes...
2025-09-03 13:55:13.738 [info] Got 0 sessions for ...
2025-09-03 13:55:13.798 [info] Getting sessions for all scopes...
2025-09-03 13:55:13.798 [info] Got 0 sessions for ...
2025-09-03 13:55:14.047 [info] Getting sessions for all scopes...
2025-09-03 13:55:14.047 [info] Got 0 sessions for ...
2025-09-03 13:55:14.047 [info] Getting sessions for all scopes...
2025-09-03 13:55:14.047 [info] Got 0 sessions for ...
2025-09-03 13:55:14.533 [info] Getting sessions for user:email...
2025-09-03 13:55:14.533 [info] Got 0 sessions for user:email...
2025-09-03 13:55:14.533 [info] Getting sessions for read:user,repo,user:email,workflow...
2025-09-03 13:55:14.533 [info] Got 0 sessions for read:user,repo,user:email,workflow...
2025-09-03 13:55:14.533 [info] Getting sessions for all scopes...
2025-09-03 13:55:14.533 [info] Got 0 sessions for ...
2025-09-03 13:55:14.612 [info] Getting sessions for all scopes...
2025-09-03 13:55:14.613 [info] Got 0 sessions for ...
2025-09-03 13:55:14.613 [info] Getting sessions for read:user,repo,user:email,workflow...
2025-09-03 13:55:14.613 [info] Got 0 sessions for read:user,repo,user:email,workflow...
2025-09-03 13:55:14.616 [info] Getting sessions for all scopes...
2025-09-03 13:55:14.616 [info] Got 0 sessions for ...
2025-09-03 13:55:14.631 [info] Getting sessions for read:user...
2025-09-03 13:55:14.631 [info] Got 0 sessions for read:user...
2025-09-03 13:55:14.633 [info] Getting sessions for user:email...
2025-09-03 13:55:14.633 [info] Got 0 sessions for user:email...
2025-09-03 13:55:14.634 [info] Getting sessions for user:email...
2025-09-03 13:55:14.634 [info] Got 0 sessions for user:email...
2025-09-03 13:55:14.638 [info] Getting sessions for all scopes...
2025-09-03 13:55:14.638 [info] Got 0 sessions for ...
2025-09-03 13:55:14.731 [info] Getting sessions for user:email...
2025-09-03 13:55:14.731 [info] Got 0 sessions for user:email...
2025-09-03 13:55:14.867 [info] Getting sessions for all scopes...
2025-09-03 13:55:14.867 [info] Got 0 sessions for ...
2025-09-03 13:55:14.868 [info] Getting sessions for user:email...
2025-09-03 13:55:14.868 [info] Got 0 sessions for user:email...
2025-09-03 13:55:14.869 [info] Getting sessions for all scopes...
2025-09-03 13:55:14.869 [info] Got 0 sessions for ...
2025-09-03 13:55:14.869 [info] Getting sessions for all scopes...
2025-09-03 13:55:14.869 [info] Got 0 sessions for ...
2025-09-03 13:55:14.870 [info] Getting sessions for user:email...
2025-09-03 13:55:14.870 [info] Got 0 sessions for user:email...
2025-09-03 13:55:35.501 [info] Reading sessions from keychain...
2025-09-03 13:55:35.501 [info] Getting sessions for all scopes...
2025-09-03 13:55:35.501 [info] Got 0 sessions for ...
2025-09-03 13:55:35.501 [info] Getting sessions for all scopes...
2025-09-03 13:55:35.501 [info] Got 0 sessions for ...
2025-09-03 13:55:35.501 [info] Getting sessions for all scopes...
2025-09-03 13:55:35.501 [info] Got 0 sessions for ...
2025-09-03 13:55:35.528 [info] Getting sessions for all scopes...
2025-09-03 13:55:35.528 [info] Got 0 sessions for ...
2025-09-03 13:55:35.528 [info] Getting sessions for all scopes...
2025-09-03 13:55:35.528 [info] Got 0 sessions for ...
2025-09-03 13:55:35.528 [info] Getting sessions for all scopes...
2025-09-03 13:55:35.528 [info] Got 0 sessions for ...
2025-09-03 13:55:35.528 [info] Getting sessions for all scopes...
2025-09-03 13:55:35.528 [info] Got 0 sessions for ...
2025-09-03 13:55:35.529 [info] Getting sessions for all scopes...
2025-09-03 13:55:35.529 [info] Got 0 sessions for ...
2025-09-03 13:55:35.534 [info] Getting sessions for all scopes...
2025-09-03 13:55:35.534 [info] Got 0 sessions for ...
2025-09-03 13:55:35.539 [info] Getting sessions for all scopes...
2025-09-03 13:55:35.539 [info] Got 0 sessions for ...
2025-09-03 13:55:35.539 [info] Getting sessions for all scopes...
2025-09-03 13:55:35.539 [info] Got 0 sessions for ...
2025-09-03 13:55:35.539 [info] Getting sessions for all scopes...
2025-09-03 13:55:35.539 [info] Got 0 sessions for ...
2025-09-03 13:55:35.539 [info] Getting sessions for all scopes...
2025-09-03 13:55:35.539 [info] Got 0 sessions for ...
2025-09-03 13:55:35.540 [info] Getting sessions for all scopes...
2025-09-03 13:55:35.540 [info] Got 0 sessions for ...
2025-09-03 13:55:36.083 [info] Getting sessions for all scopes...
2025-09-03 13:55:36.083 [info] Got 0 sessions for ...
2025-09-03 13:55:37.287 [info] Getting sessions for all scopes...
2025-09-03 13:55:37.287 [info] Got 0 sessions for ...
2025-09-03 13:55:37.287 [info] Getting sessions for all scopes...
2025-09-03 13:55:37.287 [info] Got 0 sessions for ...
2025-09-03 13:55:37.294 [info] Getting sessions for all scopes...
2025-09-03 13:55:37.294 [info] Got 0 sessions for ...
2025-09-03 13:55:38.325 [info] Getting sessions for all scopes...
2025-09-03 13:55:38.325 [info] Got 0 sessions for ...
2025-09-03 13:55:38.325 [info] Getting sessions for all scopes...
2025-09-03 13:55:38.325 [info] Got 0 sessions for ...
2025-09-03 13:55:38.527 [info] Getting sessions for all scopes...
2025-09-03 13:55:38.528 [info] Got 0 sessions for ...
2025-09-03 13:55:40.979 [info] Getting sessions for all scopes...
2025-09-03 13:55:40.979 [info] Got 0 sessions for ...
2025-09-03 13:55:41.114 [info] Getting sessions for all scopes...
2025-09-03 13:55:41.114 [info] Got 0 sessions for ...
2025-09-03 13:55:41.114 [info] Getting sessions for all scopes...
2025-09-03 13:55:41.114 [info] Got 0 sessions for ...
2025-09-03 13:55:41.553 [info] Getting sessions for user:email...
2025-09-03 13:55:41.553 [info] Got 0 sessions for user:email...
2025-09-03 13:55:41.608 [info] Getting sessions for read:user,repo,user:email,workflow...
2025-09-03 13:55:41.608 [info] Got 0 sessions for read:user,repo,user:email,workflow...
2025-09-03 13:55:41.612 [info] Getting sessions for all scopes...
2025-09-03 13:55:41.612 [info] Got 0 sessions for ...
2025-09-03 13:55:41.670 [info] Getting sessions for all scopes...
2025-09-03 13:55:41.670 [info] Got 0 sessions for ...
2025-09-03 13:55:41.683 [info] Getting sessions for read:user,repo,user:email,workflow...
2025-09-03 13:55:41.683 [info] Got 0 sessions for read:user,repo,user:email,workflow...
2025-09-03 13:55:41.723 [info] Getting sessions for all scopes...
2025-09-03 13:55:41.723 [info] Got 0 sessions for ...
2025-09-03 13:55:41.818 [info] Getting sessions for read:user...
2025-09-03 13:55:41.818 [info] Got 0 sessions for read:user...
2025-09-03 13:55:41.841 [info] Getting sessions for user:email...
2025-09-03 13:55:41.841 [info] Got 0 sessions for user:email...
2025-09-03 13:55:41.847 [info] Getting sessions for user:email...
2025-09-03 13:55:41.847 [info] Got 0 sessions for user:email...
2025-09-03 13:55:41.851 [info] Getting sessions for all scopes...
2025-09-03 13:55:41.851 [info] Got 0 sessions for ...
2025-09-03 13:55:41.906 [info] Getting sessions for all scopes...
2025-09-03 13:55:41.906 [info] Got 0 sessions for ...
2025-09-03 13:55:41.908 [info] Getting sessions for user:email...
2025-09-03 13:55:41.908 [info] Got 0 sessions for user:email...
2025-09-03 13:55:41.913 [info] Getting sessions for all scopes...
2025-09-03 13:55:41.913 [info] Got 0 sessions for ...
2025-09-03 13:55:41.914 [info] Getting sessions for user:email...
2025-09-03 13:55:41.914 [info] Got 0 sessions for user:email...
2025-09-03 13:55:41.915 [info] Getting sessions for all scopes...
2025-09-03 13:55:41.915 [info] Got 0 sessions for ...
2025-09-03 13:55:41.915 [info] Getting sessions for user:email...
2025-09-03 13:55:41.915 [info] Got 0 sessions for user:email...
2025-09-03 13:55:41.917 [info] Getting sessions for all scopes...
2025-09-03 13:55:41.917 [info] Got 0 sessions for ...
2025-09-03 13:55:41.918 [info] Getting sessions for all scopes...
2025-09-03 13:55:41.918 [info] Got 0 sessions for ...
2025-09-03 13:59:14.127 [info] Getting sessions for read:user,repo,user:email,workflow...
2025-09-03 13:59:14.127 [info] Got 0 sessions for read:user,repo,user:email,workflow...
2025-09-03 13:59:14.137 [info] Getting sessions for read:user...
2025-09-03 13:59:14.137 [info] Got 0 sessions for read:user...
2025-09-03 13:59:14.138 [info] Getting sessions for user:email...
2025-09-03 13:59:14.138 [info] Got 0 sessions for user:email...
2025-09-03 14:00:19.176 [info] Getting sessions for all scopes...
2025-09-03 14:00:19.176 [info] Got 0 sessions for ...
2025-09-03 14:02:47.170 [info] Getting sessions for read:user,repo,user:email,workflow...
2025-09-03 14:02:47.170 [info] Got 0 sessions for read:user,repo,user:email,workflow...
2025-09-03 14:02:47.171 [info] Getting sessions for read:user...
2025-09-03 14:02:47.171 [info] Got 0 sessions for read:user...
2025-09-03 14:02:47.176 [info] Getting sessions for user:email...
2025-09-03 14:02:47.176 [info] Got 0 sessions for user:email...
2025-09-03 14:02:52.155 [info] Getting sessions for read:user,repo,user:email,workflow...
2025-09-03 14:02:52.156 [info] Got 0 sessions for read:user,repo,user:email,workflow...
2025-09-03 14:02:52.157 [info] Getting sessions for read:user...
2025-09-03 14:02:52.157 [info] Got 0 sessions for read:user...
2025-09-03 14:02:52.162 [info] Getting sessions for user:email...
2025-09-03 14:02:52.162 [info] Got 0 sessions for user:email...
2025-09-03 14:02:59.491 [info] Getting sessions for read:user,repo,user:email,workflow...
2025-09-03 14:02:59.491 [info] Got 0 sessions for read:user,repo,user:email,workflow...
2025-09-03 14:02:59.492 [info] Getting sessions for read:user...
2025-09-03 14:02:59.492 [info] Got 0 sessions for read:user...
2025-09-03 14:02:59.494 [info] Getting sessions for user:email...
2025-09-03 14:02:59.494 [info] Got 0 sessions for user:email...
2025-09-03 14:02:59.723 [info] Getting sessions for read:user,repo,user:email,workflow...
2025-09-03 14:02:59.723 [info] Got 0 sessions for read:user,repo,user:email,workflow...
2025-09-03 14:02:59.724 [info] Getting sessions for read:user...
2025-09-03 14:02:59.724 [info] Got 0 sessions for read:user...
2025-09-03 14:02:59.724 [info] Getting sessions for user:email...
2025-09-03 14:02:59.724 [info] Got 0 sessions for user:email...
2025-09-03 14:03:00.108 [info] Getting sessions for read:user,repo,user:email,workflow...
2025-09-03 14:03:00.108 [info] Got 0 sessions for read:user,repo,user:email,workflow...
2025-09-03 14:03:00.110 [info] Getting sessions for read:user...
2025-09-03 14:03:00.110 [info] Got 0 sessions for read:user...
2025-09-03 14:03:00.110 [info] Getting sessions for user:email...
2025-09-03 14:03:00.110 [info] Got 0 sessions for user:email...
2025-09-03 14:03:00.188 [info] Getting sessions for read:user,repo,user:email,workflow...
2025-09-03 14:03:00.188 [info] Got 0 sessions for read:user,repo,user:email,workflow...
2025-09-03 14:03:00.191 [info] Getting sessions for read:user...
2025-09-03 14:03:00.191 [info] Got 0 sessions for read:user...
2025-09-03 14:03:00.192 [info] Getting sessions for user:email...
2025-09-03 14:03:00.192 [info] Got 0 sessions for user:email...
2025-09-03 14:03:00.578 [info] Getting sessions for read:user,repo,user:email,workflow...
2025-09-03 14:03:00.579 [info] Got 0 sessions for read:user,repo,user:email,workflow...
2025-09-03 14:03:00.580 [info] Getting sessions for read:user...
2025-09-03 14:03:00.580 [info] Got 0 sessions for read:user...
2025-09-03 14:03:00.580 [info] Getting sessions for user:email...
2025-09-03 14:03:00.580 [info] Got 0 sessions for user:email...
2025-09-03 14:03:00.637 [info] Getting sessions for read:user,repo,user:email,workflow...
2025-09-03 14:03:00.637 [info] Got 0 sessions for read:user,repo,user:email,workflow...
2025-09-03 14:03:00.637 [info] Getting sessions for read:user...
2025-09-03 14:03:00.637 [info] Got 0 sessions for read:user...
2025-09-03 14:03:00.638 [info] Getting sessions for user:email...
2025-09-03 14:03:00.638 [info] Got 0 sessions for user:email...
